2026-03-15 06:41:23 INFO  org.testng.internal.Utils - [TestNG] Running:
  C:\Users\JAYDIP\eclipse-workspace\OpenCart\master.xml

2026-03-15 06:41:59 INFO  testCases.TC003_LoginDDT - ****Starting TC003_LoginDDT****
2026-03-15 06:42:10 INFO  testCases.TC003_LoginDDT - ***Finished TC003_LoginDDT*****
2026-03-15 06:42:10 INFO  testCases.TC003_LoginDDT - ****Starting TC003_LoginDDT****
2026-03-15 06:42:21 INFO  testCases.TC003_LoginDDT - ***Finished TC003_LoginDDT*****
2026-03-15 06:42:21 INFO  testCases.TC003_LoginDDT - ****Starting TC003_LoginDDT****
2026-03-15 06:42:33 INFO  testCases.TC003_LoginDDT - ***Finished TC003_LoginDDT*****
2026-03-15 06:42:33 INFO  testCases.TC003_LoginDDT - ****Starting TC003_LoginDDT****
2026-03-15 06:42:44 INFO  testCases.TC003_LoginDDT - ***Finished TC003_LoginDDT*****
2026-03-15 06:42:44 INFO  testCases.TC003_LoginDDT - ****Starting TC003_LoginDDT****
2026-03-15 06:42:46 INFO  testCases.TC003_LoginDDT - ***Finished TC003_LoginDDT*****
2026-03-15 06:44:49 INFO  org.testng.internal.Utils - [TestNG] Running:
  C:\Users\JAYDIP\eclipse-workspace\OpenCart\grouping.xml

2026-03-15 06:45:06 INFO  testCases.TC001_AccountRegistrationTest - **** Starting TC001_AccountRegistration ******
2026-03-15 06:45:06 INFO  testCases.TC001_AccountRegistrationTest - Clicked on MyAccount Link
2026-03-15 06:45:07 INFO  testCases.TC001_AccountRegistrationTest - Clicked on Register Link
2026-03-15 06:45:07 INFO  testCases.TC001_AccountRegistrationTest - Providing Customer details
2026-03-15 06:45:10 INFO  testCases.TC001_AccountRegistrationTest - Validating expected message..
2026-03-15 06:45:10 INFO  testCases.TC001_AccountRegistrationTest - Test passed
2026-03-15 06:45:10 INFO  testCases.TC001_AccountRegistrationTest - *** End the TC001_AccountRegistration***
2026-03-15 06:45:17 INFO  testCases.TC002_LoginTest - **********Starting TC_002)LOginTest***
2026-03-15 06:45:19 INFO  testCases.TC002_LoginTest - *********Finished TC002 Lohin Test *****
2026-03-15 06:58:20 INFO  org.testng.internal.Utils - [TestNG] Running:
  C:\Users\JAYDIP\eclipse-workspace\OpenCart\grouping.xml

2026-03-15 06:58:28 INFO  testCases.TC001_AccountRegistrationTest - **** Starting TC001_AccountRegistration ******
2026-03-15 06:58:29 INFO  testCases.TC001_AccountRegistrationTest - Clicked on MyAccount Link
2026-03-15 06:58:30 INFO  testCases.TC001_AccountRegistrationTest - Clicked on Register Link
2026-03-15 06:58:30 INFO  testCases.TC001_AccountRegistrationTest - Providing Customer details
2026-03-15 06:58:33 INFO  testCases.TC001_AccountRegistrationTest - Validating expected message..
2026-03-15 06:58:34 INFO  testCases.TC001_AccountRegistrationTest - Test passed
2026-03-15 06:58:34 INFO  testCases.TC001_AccountRegistrationTest - *** End the TC001_AccountRegistration***
2026-03-15 06:58:42 INFO  testCases.TC002_LoginTest - **********Starting TC_002)LOginTest***
2026-03-15 06:58:45 INFO  testCases.TC002_LoginTest - *********Finished TC002 Lohin Test *****
2026-03-15 07:06:21 INFO  org.testng.internal.Utils - [TestNG] Running:
  C:\Users\JAYDIP\eclipse-workspace\OpenCart\grouping.xml

2026-03-15 07:06:41 INFO  testCases.TC001_AccountRegistrationTest - **** Starting TC001_AccountRegistration ******
2026-03-15 07:06:42 INFO  testCases.TC001_AccountRegistrationTest - Clicked on MyAccount Link
2026-03-15 07:06:43 INFO  testCases.TC001_AccountRegistrationTest - Clicked on Register Link
2026-03-15 07:06:43 INFO  testCases.TC001_AccountRegistrationTest - Providing Customer details
2026-03-15 07:06:45 INFO  testCases.TC001_AccountRegistrationTest - Validating expected message..
2026-03-15 07:06:45 INFO  testCases.TC001_AccountRegistrationTest - Test passed
2026-03-15 07:06:45 INFO  testCases.TC001_AccountRegistrationTest - *** End the TC001_AccountRegistration***
2026-03-15 07:07:28 INFO  org.testng.internal.Utils - [TestNG] Running:
  C:\Users\JAYDIP\eclipse-workspace\OpenCart\grouping.xml

2026-03-15 07:07:40 INFO  testCases.TC001_AccountRegistrationTest - **** Starting TC001_AccountRegistration ******
2026-03-15 07:07:40 INFO  testCases.TC001_AccountRegistrationTest - Clicked on MyAccount Link
2026-03-15 07:07:41 INFO  testCases.TC001_AccountRegistrationTest - Clicked on Register Link
2026-03-15 07:07:41 INFO  testCases.TC001_AccountRegistrationTest - Providing Customer details
2026-03-15 07:07:42 INFO  testCases.TC001_AccountRegistrationTest - Validating expected message..
2026-03-15 07:07:43 INFO  testCases.TC001_AccountRegistrationTest - Test passed
2026-03-15 07:07:43 INFO  testCases.TC001_AccountRegistrationTest - *** End the TC001_AccountRegistration***
2026-03-15 07:07:52 INFO  testCases.TC002_LoginTest - **********Starting TC_002)LOginTest***
2026-03-15 07:07:55 INFO  testCases.TC002_LoginTest - *********Finished TC002 Lohin Test *****
2026-03-15 07:16:44 INFO  org.testng.internal.Utils - [TestNG] Running:
  C:\Users\JAYDIP\eclipse-workspace\OpenCart\grouping.xml

2026-03-15 07:17:32 INFO  testCases.TC001_AccountRegistrationTest - **** Starting TC001_AccountRegistration ******
2026-03-15 07:17:33 INFO  testCases.TC001_AccountRegistrationTest - Clicked on MyAccount Link
2026-03-15 07:17:34 INFO  testCases.TC001_AccountRegistrationTest - Clicked on Register Link
2026-03-15 07:17:34 INFO  testCases.TC001_AccountRegistrationTest - Providing Customer details
2026-03-15 07:17:41 INFO  testCases.TC001_AccountRegistrationTest - Validating expected message..
2026-03-15 07:17:41 INFO  testCases.TC001_AccountRegistrationTest - Test passed
2026-03-15 07:17:41 INFO  testCases.TC001_AccountRegistrationTest - *** End the TC001_AccountRegistration***
2026-03-15 07:17:52 INFO  testCases.TC002_LoginTest - **********Starting TC_002)LOginTest***
2026-03-15 07:19:17 INFO  org.testng.internal.Utils - [TestNG] Running:
  C:\Users\JAYDIP\eclipse-workspace\OpenCart\grouping.xml

2026-03-15 07:19:26 INFO  testCases.TC001_AccountRegistrationTest - **** Starting TC001_AccountRegistration ******
2026-03-15 07:19:26 INFO  testCases.TC001_AccountRegistrationTest - Clicked on MyAccount Link
2026-03-15 07:19:28 INFO  testCases.TC001_AccountRegistrationTest - Clicked on Register Link
2026-03-15 07:19:28 INFO  testCases.TC001_AccountRegistrationTest - Providing Customer details
2026-03-15 07:19:29 INFO  testCases.TC001_AccountRegistrationTest - Validating expected message..
2026-03-15 07:19:30 INFO  testCases.TC001_AccountRegistrationTest - Test passed
2026-03-15 07:19:30 INFO  testCases.TC001_AccountRegistrationTest - *** End the TC001_AccountRegistration***
2026-03-15 07:19:37 INFO  testCases.TC002_LoginTest - **********Starting TC_002)LOginTest***
2026-03-15 07:47:08 INFO  org.testng.internal.Utils - [TestNG] Running:
  C:\Users\JAYDIP\eclipse-workspace\OpenCart\master.xml

2026-03-15 07:47:52 INFO  testCases.TC003_LoginDDT - ****Starting TC003_LoginDDT****
2026-03-15 07:48:27 INFO  testCases.TC003_LoginDDT - ***Finished TC003_LoginDDT*****
2026-03-15 07:48:27 INFO  testCases.TC003_LoginDDT - ****Starting TC003_LoginDDT****
2026-03-15 07:48:45 INFO  testCases.TC003_LoginDDT - ***Finished TC003_LoginDDT*****
2026-03-15 07:48:45 INFO  testCases.TC003_LoginDDT - ****Starting TC003_LoginDDT****
2026-03-15 07:48:57 INFO  testCases.TC003_LoginDDT - ***Finished TC003_LoginDDT*****
2026-03-15 07:48:57 INFO  testCases.TC003_LoginDDT - ****Starting TC003_LoginDDT****
2026-03-15 07:49:14 INFO  testCases.TC003_LoginDDT - ***Finished TC003_LoginDDT*****
2026-03-15 07:49:14 INFO  testCases.TC003_LoginDDT - ****Starting TC003_LoginDDT****
2026-03-15 07:49:18 INFO  testCases.TC003_LoginDDT - ***Finished TC003_LoginDDT*****
2026-03-15 07:49:50 INFO  org.testng.internal.Utils - [TestNG] Running:
  C:\Users\JAYDIP\eclipse-workspace\OpenCart\master.xml

2026-03-15 07:50:08 INFO  testCases.TC001_AccountRegistrationTest - **** Starting TC001_AccountRegistration ******
2026-03-15 07:50:08 INFO  testCases.TC001_AccountRegistrationTest - Clicked on MyAccount Link
2026-03-15 07:50:09 INFO  testCases.TC001_AccountRegistrationTest - Clicked on Register Link
2026-03-15 07:50:09 INFO  testCases.TC001_AccountRegistrationTest - Providing Customer details
2026-03-15 07:50:14 INFO  testCases.TC001_AccountRegistrationTest - Validating expected message..
2026-03-15 07:50:14 INFO  testCases.TC001_AccountRegistrationTest - Test passed
2026-03-15 07:50:14 INFO  testCases.TC001_AccountRegistrationTest - *** End the TC001_AccountRegistration***
2026-03-15 07:50:26 INFO  testCases.TC002_LoginTest - **********Starting TC_002)LOginTest***
2026-03-15 07:55:13 INFO  org.testng.internal.Utils - [TestNG] Running:
  C:\Users\JAYDIP\eclipse-workspace\OpenCart\test-output\Suite\testng-failed.xml

2026-03-15 07:55:27 INFO  testCases.TC002_LoginTest - **********Starting TC_002)LOginTest***
2026-03-15 07:55:30 INFO  testCases.TC002_LoginTest - *********Finished TC002 Lohin Test *****
2026-03-15 16:28:42 INFO  org.testng.internal.Utils - [TestNG] Running:
  C:\Users\JAYDIP\eclipse-workspace\OpenCart\master.xml

2026-03-15 16:29:29 INFO  testCases.TC001_AccountRegistrationTest - **** Starting TC001_AccountRegistration ******
2026-03-15 16:29:30 INFO  testCases.TC001_AccountRegistrationTest - Clicked on MyAccount Link
2026-03-15 16:29:31 INFO  testCases.TC001_AccountRegistrationTest - Clicked on Register Link
2026-03-15 16:29:32 INFO  testCases.TC001_AccountRegistrationTest - Providing Customer details
2026-03-15 16:29:35 INFO  testCases.TC001_AccountRegistrationTest - Validating expected message..
2026-03-15 16:29:35 INFO  testCases.TC001_AccountRegistrationTest - Test passed
2026-03-15 16:29:36 INFO  testCases.TC001_AccountRegistrationTest - *** End the TC001_AccountRegistration***
2026-03-15 16:29:51 INFO  testCases.TC002_LoginTest - **********Starting TC_002)LOginTest***
2026-03-15 16:29:54 INFO  testCases.TC002_LoginTest - *********Finished TC002 Lohin Test *****
2026-03-15 16:31:15 INFO  org.testng.internal.Utils - [TestNG] Running:
  C:\Users\JAYDIP\eclipse-workspace\OpenCart\master.xml

2026-03-15 16:31:38 INFO  testCases.TC001_AccountRegistrationTest - **** Starting TC001_AccountRegistration ******
2026-03-15 16:31:40 INFO  testCases.TC001_AccountRegistrationTest - Clicked on MyAccount Link
2026-03-15 16:31:42 INFO  testCases.TC001_AccountRegistrationTest - Clicked on Register Link
2026-03-15 16:31:42 INFO  testCases.TC001_AccountRegistrationTest - Providing Customer details
2026-03-15 16:32:03 INFO  testCases.TC001_AccountRegistrationTest - Validating expected message..
2026-03-15 16:32:04 INFO  testCases.TC001_AccountRegistrationTest - Test passed
2026-03-15 16:32:04 INFO  testCases.TC001_AccountRegistrationTest - *** End the TC001_AccountRegistration***
2026-03-15 16:32:15 INFO  testCases.TC002_LoginTest - **********Starting TC_002)LOginTest***
2026-03-15 16:32:25 INFO  testCases.TC002_LoginTest - *********Finished TC002 Lohin Test *****
