2026-03-13 06:51:25 DEBUG org.testng.TestNG - suiteXmlPath: "C:\Users\JAYDIP\eclipse-workspace\OpenCart\master.xml"
2026-03-13 06:51:29 INFO  org.testng.internal.Utils - [TestNG] Running:
  C:\Users\JAYDIP\eclipse-workspace\OpenCart\master.xml

2026-03-13 06:52:00 INFO  testCases.TC001_AccountRegistrationTest - **** Starting TC001_AccountRegistration ******
2026-03-13 06:52:02 INFO  testCases.TC001_AccountRegistrationTest - Clicked on MyAccount Link
2026-03-13 06:52:04 INFO  testCases.TC001_AccountRegistrationTest - Clicked on Register Link
2026-03-13 06:52:04 INFO  testCases.TC001_AccountRegistrationTest - Providing Customer details
2026-03-13 06:52:09 INFO  testCases.TC001_AccountRegistrationTest - Validating expected message..
2026-03-13 06:52:09 INFO  testCases.TC001_AccountRegistrationTest - Test passed
2026-03-13 06:52:09 INFO  testCases.TC001_AccountRegistrationTest - *** End the TC001_AccountRegistration***
2026-03-13 07:00:57 DEBUG org.testng.TestNG - suiteXmlPath: "C:\Users\JAYDIP\eclipse-workspace\OpenCart\crossbrowsertesting.xml"
2026-03-13 07:00:59 INFO  org.testng.internal.Utils - [TestNG] Running:
  C:\Users\JAYDIP\eclipse-workspace\OpenCart\crossbrowsertesting.xml

2026-03-13 07:01:44 INFO  testCases.TC001_AccountRegistrationTest - **** Starting TC001_AccountRegistration ******
2026-03-13 07:01:44 INFO  testCases.TC001_AccountRegistrationTest - Clicked on MyAccount Link
2026-03-13 07:01:45 INFO  testCases.TC001_AccountRegistrationTest - Clicked on Register Link
2026-03-13 07:01:45 INFO  testCases.TC001_AccountRegistrationTest - Providing Customer details
2026-03-13 07:01:54 INFO  testCases.TC001_AccountRegistrationTest - Validating expected message..
2026-03-13 07:01:54 INFO  testCases.TC001_AccountRegistrationTest - Test passed
2026-03-13 07:01:54 INFO  testCases.TC001_AccountRegistrationTest - *** End the TC001_AccountRegistration***
2026-03-13 07:05:44 INFO  testCases.TC001_AccountRegistrationTest - **** Starting TC001_AccountRegistration ******
2026-03-13 07:05:46 INFO  testCases.TC001_AccountRegistrationTest - Clicked on MyAccount Link
2026-03-13 07:05:47 INFO  testCases.TC001_AccountRegistrationTest - Clicked on Register Link
2026-03-13 07:05:47 INFO  testCases.TC001_AccountRegistrationTest - Providing Customer details
2026-03-13 07:06:41 INFO  testCases.TC001_AccountRegistrationTest - Validating expected message..
2026-03-13 07:06:41 INFO  testCases.TC001_AccountRegistrationTest - Test passed
2026-03-13 07:06:41 INFO  testCases.TC001_AccountRegistrationTest - *** End the TC001_AccountRegistration***
2026-03-13 07:08:55 DEBUG org.testng.TestNG - suiteXmlPath: "C:\Users\JAYDIP\eclipse-workspace\OpenCart\crossbrowsertesting.xml"
2026-03-13 07:08:59 INFO  org.testng.internal.Utils - [TestNG] Running:
  C:\Users\JAYDIP\eclipse-workspace\OpenCart\crossbrowsertesting.xml

2026-03-13 07:12:05 INFO  testCases.TC001_AccountRegistrationTest - **** Starting TC001_AccountRegistration ******
2026-03-13 07:12:07 INFO  testCases.TC001_AccountRegistrationTest - Clicked on MyAccount Link
2026-03-13 07:12:07 INFO  testCases.TC001_AccountRegistrationTest - Clicked on Register Link
2026-03-13 07:12:07 INFO  testCases.TC001_AccountRegistrationTest - Providing Customer details
2026-03-13 07:13:52 INFO  testCases.TC001_AccountRegistrationTest - Validating expected message..
2026-03-13 07:13:54 INFO  testCases.TC001_AccountRegistrationTest - Test passed
2026-03-13 07:13:54 INFO  testCases.TC001_AccountRegistrationTest - *** End the TC001_AccountRegistration***
2026-03-13 07:18:27 DEBUG org.testng.TestNG - suiteXmlPath: "C:\Users\JAYDIP\eclipse-workspace\OpenCart\crossbrowsertesting.xml"
2026-03-13 07:18:27 INFO  org.testng.internal.Utils - [TestNG] Running:
  C:\Users\JAYDIP\eclipse-workspace\OpenCart\crossbrowsertesting.xml

2026-03-13 07:18:58 INFO  testCases.TC001_AccountRegistrationTest - **** Starting TC001_AccountRegistration ******
2026-03-13 07:18:59 INFO  testCases.TC001_AccountRegistrationTest - Clicked on MyAccount Link
2026-03-13 07:19:01 INFO  testCases.TC001_AccountRegistrationTest - Clicked on Register Link
2026-03-13 07:19:01 INFO  testCases.TC001_AccountRegistrationTest - Providing Customer details
2026-03-13 07:19:01 INFO  testCases.TC001_AccountRegistrationTest - Validating expected message..
2026-03-13 07:19:02 INFO  testCases.TC001_AccountRegistrationTest - Test passed
2026-03-13 07:19:02 INFO  testCases.TC001_AccountRegistrationTest - *** End the TC001_AccountRegistration***
2026-03-13 07:19:45 INFO  testCases.TC001_AccountRegistrationTest - **** Starting TC001_AccountRegistration ******
2026-03-13 07:19:47 INFO  testCases.TC001_AccountRegistrationTest - Clicked on MyAccount Link
2026-03-13 07:19:52 INFO  testCases.TC001_AccountRegistrationTest - Clicked on Register Link
2026-03-13 07:19:52 INFO  testCases.TC001_AccountRegistrationTest - Providing Customer details
2026-03-13 07:19:57 INFO  testCases.TC001_AccountRegistrationTest - Validating expected message..
2026-03-13 07:19:57 INFO  testCases.TC001_AccountRegistrationTest - Test passed
2026-03-13 07:19:57 INFO  testCases.TC001_AccountRegistrationTest - *** End the TC001_AccountRegistration***
2026-03-13 07:48:15 DEBUG org.testng.TestNG - suiteXmlPath: "C:\Users\JAYDIP\eclipse-workspace\OpenCart\master.xml"
2026-03-13 07:48:19 INFO  org.testng.internal.Utils - [TestNG] Running:
  C:\Users\JAYDIP\eclipse-workspace\OpenCart\master.xml

2026-03-13 07:48:47 INFO  testCases.TC001_AccountRegistrationTest - **** Starting TC001_AccountRegistration ******
2026-03-13 07:48:48 INFO  testCases.TC001_AccountRegistrationTest - Clicked on MyAccount Link
2026-03-13 07:48:49 INFO  testCases.TC001_AccountRegistrationTest - Clicked on Register Link
2026-03-13 07:48:49 INFO  testCases.TC001_AccountRegistrationTest - Providing Customer details
2026-03-13 07:48:52 INFO  testCases.TC001_AccountRegistrationTest - Validating expected message..
2026-03-13 07:48:52 INFO  testCases.TC001_AccountRegistrationTest - Test passed
2026-03-13 07:48:52 INFO  testCases.TC001_AccountRegistrationTest - *** End the TC001_AccountRegistration***
2026-03-13 11:21:28 DEBUG org.testng.TestNG - suiteXmlPath: "C:\Users\JAYDIP\eclipse-workspace\OpenCart\master.xml"
2026-03-13 11:21:32 INFO  org.testng.internal.Utils - [TestNG] Running:
  C:\Users\JAYDIP\eclipse-workspace\OpenCart\master.xml

2026-03-13 11:22:05 INFO  testCases.TC002_LoginTest - **********Starting TC_002)LOginTest***
2026-03-13 11:23:33 DEBUG org.testng.TestNG - suiteXmlPath: "C:\Users\JAYDIP\eclipse-workspace\OpenCart\master.xml"
2026-03-13 11:23:34 INFO  org.testng.internal.Utils - [TestNG] Running:
  C:\Users\JAYDIP\eclipse-workspace\OpenCart\master.xml

2026-03-13 11:23:47 INFO  testCases.TC002_LoginTest - **********Starting TC_002)LOginTest***
2026-03-13 11:25:29 DEBUG org.testng.TestNG - suiteXmlPath: "C:\Users\JAYDIP\eclipse-workspace\OpenCart\master.xml"
2026-03-13 11:25:31 INFO  org.testng.internal.Utils - [TestNG] Running:
  C:\Users\JAYDIP\eclipse-workspace\OpenCart\master.xml

2026-03-13 11:25:46 INFO  testCases.TC002_LoginTest - **********Starting TC_002)LOginTest***
2026-03-13 11:29:38 DEBUG org.testng.TestNG - suiteXmlPath: "C:\Users\JAYDIP\AppData\Local\Temp\testng-eclipse--1949865434\testng-customsuite.xml"
2026-03-13 11:29:39 INFO  org.testng.internal.Utils - [Utils] MethodGroupsHelper.collectMethodsByGroup() took 2 ms.
2026-03-13 11:29:39 INFO  org.testng.internal.Utils - [Utils] MethodGroupsHelper.sortMethods() took 4 ms.
2026-03-13 11:29:39 INFO  org.testng.internal.Utils - [Utils] MethodGroupsHelper.collectMethodsByGroup() took 0 ms.
2026-03-13 11:29:39 INFO  org.testng.internal.Utils - [Utils] MethodGroupsHelper.sortMethods() took 0 ms.
2026-03-13 11:29:39 INFO  org.testng.internal.Utils - [Utils] MethodGroupsHelper.collectMethodsByGroup() took 0 ms.
2026-03-13 11:29:39 INFO  org.testng.internal.Utils - [Utils] MethodGroupsHelper.sortMethods() took 0 ms.
2026-03-13 11:29:39 INFO  org.testng.internal.Utils - [Utils] MethodGroupsHelper.collectMethodsByGroup() took 0 ms.
2026-03-13 11:29:39 INFO  org.testng.internal.Utils - [Utils] MethodGroupsHelper.sortMethods() took 0 ms.
2026-03-13 11:29:39 INFO  org.testng.internal.Utils - [Utils] MethodGroupsHelper.collectMethodsByGroup() took 5 ms.
2026-03-13 11:29:39 INFO  org.testng.internal.Utils - [Utils] MethodGroupsHelper.sortMethods() took 15 ms.
2026-03-13 11:29:39 INFO  org.testng.internal.Utils - [Utils] MethodGroupsHelper.collectMethodsByGroup() took 0 ms.
2026-03-13 11:29:39 INFO  org.testng.internal.Utils - [Utils] MethodGroupsHelper.sortMethods() took 0 ms.
2026-03-13 11:29:39 INFO  org.testng.internal.Utils - [Utils] MethodGroupsHelper.collectMethodsByGroup() took 0 ms.
2026-03-13 11:29:39 INFO  org.testng.internal.Utils - [Utils] MethodGroupsHelper.sortMethods() took 0 ms.
2026-03-13 11:29:39 INFO  org.testng.internal.Utils - [Utils] MethodGroupsHelper.collectMethodsByGroup() took 0 ms.
2026-03-13 11:29:39 INFO  org.testng.internal.Utils - [Utils] MethodGroupsHelper.sortMethods() took 0 ms.
2026-03-13 11:29:39 INFO  org.testng.internal.Utils - [Utils] MethodGroupsHelper.collectMethodsByGroup() took 0 ms.
2026-03-13 11:29:39 INFO  org.testng.internal.Utils - [Utils] MethodGroupsHelper.sortMethods() took 0 ms.
2026-03-13 11:29:39 INFO  org.testng.internal.Utils - [Utils] MethodGroupsHelper.collectMethodsByGroup() took 0 ms.
2026-03-13 11:29:39 INFO  org.testng.internal.Utils - [Utils] MethodGroupsHelper.sortMethods() took 0 ms.
2026-03-13 11:29:39 INFO  org.testng.internal.Utils - [Utils] MethodGroupsHelper.collectMethodsByGroup() took 0 ms.
2026-03-13 11:29:39 INFO  org.testng.internal.Utils - [Utils] MethodGroupsHelper.sortMethods() took 0 ms.
2026-03-13 11:29:39 INFO  org.testng.internal.Utils - [Utils] MethodGroupsHelper.collectMethodsByGroup() took 0 ms.
2026-03-13 11:29:39 INFO  org.testng.internal.Utils - [Utils] MethodGroupsHelper.sortMethods() took 0 ms.
2026-03-13 11:29:39 INFO  org.testng.internal.Utils - [Utils] MethodGroupsHelper.collectMethodsByGroup() took 1 ms.
2026-03-13 11:29:39 INFO  org.testng.internal.Utils - [Utils] MethodGroupsHelper.sortMethods() took 0 ms.
2026-03-13 11:29:39 INFO  org.testng.internal.Utils - [Utils] MethodGroupsHelper.collectMethodsByGroup() took 0 ms.
2026-03-13 11:29:39 INFO  org.testng.internal.Utils - [Utils] MethodGroupsHelper.sortMethods() took 0 ms.
2026-03-13 11:29:39 INFO  org.testng.internal.Utils - [Utils] MethodGroupsHelper.collectMethodsByGroup() took 0 ms.
2026-03-13 11:29:39 INFO  org.testng.internal.Utils - [Utils] MethodGroupsHelper.sortMethods() took 0 ms.
2026-03-13 11:29:39 INFO  org.testng.internal.Utils - [TestNG] Running:
  C:\Users\JAYDIP\AppData\Local\Temp\testng-eclipse--1949865434\testng-customsuite.xml

2026-03-13 11:29:39 INFO  org.testng.internal.Utils - [Utils] DynamicGraphHelper.createDynamicGraph() took 4 ms.
2026-03-13 11:29:40 INFO  org.testng.internal.Utils - [TestNG] Time taken by org.testng.reporters.jq.Main@42f33b5d: 96 ms
2026-03-13 11:29:40 INFO  org.testng.internal.Utils - [TestNG] Time taken by org.testng.reporters.FailedReporter@312ab28e: 26 ms
2026-03-13 11:29:40 INFO  org.testng.internal.Utils - [TestNG] Time taken by org.testng.reporters.XMLReporter@66b7550d: 13 ms
2026-03-13 11:29:40 INFO  org.testng.internal.Utils - [TestNG] Time taken by org.testng.reporters.EmailableReporter2@6da00fb9: 13 ms
2026-03-13 11:29:40 INFO  org.testng.internal.Utils - [TestNG] Time taken by org.testng.reporters.JUnitReportReporter@3a3e4aff: 6 ms
2026-03-13 11:29:40 INFO  org.testng.internal.Utils - [TestNG] Time taken by org.testng.internal.ExitCodeListener@5d2a4eed: 0 ms
2026-03-13 11:31:11 DEBUG org.testng.TestNG - suiteXmlPath: "C:\Users\JAYDIP\AppData\Local\Temp\testng-eclipse-885638725\testng-customsuite.xml"
2026-03-13 11:31:13 INFO  org.testng.internal.Utils - [Utils] MethodGroupsHelper.collectMethodsByGroup() took 1 ms.
2026-03-13 11:31:13 INFO  org.testng.internal.Utils - [Utils] MethodGroupsHelper.sortMethods() took 1 ms.
2026-03-13 11:31:13 INFO  org.testng.internal.Utils - [Utils] MethodGroupsHelper.collectMethodsByGroup() took 0 ms.
2026-03-13 11:31:13 INFO  org.testng.internal.Utils - [Utils] MethodGroupsHelper.sortMethods() took 0 ms.
2026-03-13 11:31:13 INFO  org.testng.internal.Utils - [Utils] MethodGroupsHelper.collectMethodsByGroup() took 0 ms.
2026-03-13 11:31:13 INFO  org.testng.internal.Utils - [Utils] MethodGroupsHelper.sortMethods() took 0 ms.
2026-03-13 11:31:13 INFO  org.testng.internal.Utils - [Utils] MethodGroupsHelper.collectMethodsByGroup() took 0 ms.
2026-03-13 11:31:13 INFO  org.testng.internal.Utils - [Utils] MethodGroupsHelper.sortMethods() took 0 ms.
2026-03-13 11:31:13 INFO  org.testng.internal.Utils - [Utils] MethodGroupsHelper.collectMethodsByGroup() took 2 ms.
2026-03-13 11:31:13 INFO  org.testng.internal.Utils - [Utils] MethodGroupsHelper.sortMethods() took 8 ms.
2026-03-13 11:31:13 INFO  org.testng.internal.Utils - [Utils] MethodGroupsHelper.collectMethodsByGroup() took 0 ms.
2026-03-13 11:31:13 INFO  org.testng.internal.Utils - [Utils] MethodGroupsHelper.sortMethods() took 0 ms.
2026-03-13 11:31:13 INFO  org.testng.internal.Utils - [Utils] MethodGroupsHelper.collectMethodsByGroup() took 0 ms.
2026-03-13 11:31:13 INFO  org.testng.internal.Utils - [Utils] MethodGroupsHelper.sortMethods() took 0 ms.
2026-03-13 11:31:13 INFO  org.testng.internal.Utils - [Utils] MethodGroupsHelper.collectMethodsByGroup() took 0 ms.
2026-03-13 11:31:13 INFO  org.testng.internal.Utils - [Utils] MethodGroupsHelper.sortMethods() took 0 ms.
2026-03-13 11:31:13 INFO  org.testng.internal.Utils - [Utils] MethodGroupsHelper.collectMethodsByGroup() took 0 ms.
2026-03-13 11:31:13 INFO  org.testng.internal.Utils - [Utils] MethodGroupsHelper.sortMethods() took 0 ms.
2026-03-13 11:31:13 INFO  org.testng.internal.Utils - [Utils] MethodGroupsHelper.collectMethodsByGroup() took 0 ms.
2026-03-13 11:31:13 INFO  org.testng.internal.Utils - [Utils] MethodGroupsHelper.sortMethods() took 0 ms.
2026-03-13 11:31:13 INFO  org.testng.internal.Utils - [Utils] MethodGroupsHelper.collectMethodsByGroup() took 0 ms.
2026-03-13 11:31:13 INFO  org.testng.internal.Utils - [Utils] MethodGroupsHelper.sortMethods() took 0 ms.
2026-03-13 11:31:13 INFO  org.testng.internal.Utils - [Utils] MethodGroupsHelper.collectMethodsByGroup() took 0 ms.
2026-03-13 11:31:13 INFO  org.testng.internal.Utils - [Utils] MethodGroupsHelper.sortMethods() took 0 ms.
2026-03-13 11:31:13 INFO  org.testng.internal.Utils - [Utils] MethodGroupsHelper.collectMethodsByGroup() took 0 ms.
2026-03-13 11:31:13 INFO  org.testng.internal.Utils - [Utils] MethodGroupsHelper.sortMethods() took 0 ms.
2026-03-13 11:31:13 INFO  org.testng.internal.Utils - [Utils] MethodGroupsHelper.collectMethodsByGroup() took 0 ms.
2026-03-13 11:31:13 INFO  org.testng.internal.Utils - [Utils] MethodGroupsHelper.sortMethods() took 0 ms.
2026-03-13 11:31:13 INFO  org.testng.internal.Utils - [Utils] MethodGroupsHelper.collectMethodsByGroup() took 0 ms.
2026-03-13 11:31:13 INFO  org.testng.internal.Utils - [Utils] MethodGroupsHelper.sortMethods() took 0 ms.
2026-03-13 11:31:13 INFO  org.testng.internal.Utils - [TestNG] Running:
  C:\Users\JAYDIP\AppData\Local\Temp\testng-eclipse-885638725\testng-customsuite.xml

2026-03-13 11:31:13 INFO  org.testng.internal.Utils - [Utils] DynamicGraphHelper.createDynamicGraph() took 7 ms.
2026-03-13 11:31:13 INFO  org.testng.internal.Utils - [TestNG] Time taken by org.testng.reporters.jq.Main@42f33b5d: 71 ms
2026-03-13 11:31:13 INFO  org.testng.internal.Utils - [TestNG] Time taken by org.testng.reporters.FailedReporter@312ab28e: 25 ms
2026-03-13 11:31:13 INFO  org.testng.internal.Utils - [TestNG] Time taken by org.testng.reporters.XMLReporter@66b7550d: 10 ms
2026-03-13 11:31:13 INFO  org.testng.internal.Utils - [TestNG] Time taken by org.testng.reporters.EmailableReporter2@6da00fb9: 8 ms
2026-03-13 11:31:13 INFO  org.testng.internal.Utils - [TestNG] Time taken by org.testng.reporters.JUnitReportReporter@3a3e4aff: 7 ms
2026-03-13 11:31:13 INFO  org.testng.internal.Utils - [TestNG] Time taken by org.testng.internal.ExitCodeListener@5d2a4eed: 0 ms
2026-03-13 11:34:10 DEBUG org.testng.TestNG - suiteXmlPath: "C:\Users\JAYDIP\AppData\Local\Temp\testng-eclipse-916896976\testng-customsuite.xml"
2026-03-13 11:34:10 INFO  org.testng.internal.Utils - [Utils] MethodGroupsHelper.collectMethodsByGroup() took 0 ms.
2026-03-13 11:34:10 INFO  org.testng.internal.Utils - [Utils] MethodGroupsHelper.sortMethods() took 4 ms.
2026-03-13 11:34:10 INFO  org.testng.internal.Utils - [Utils] MethodGroupsHelper.collectMethodsByGroup() took 0 ms.
2026-03-13 11:34:10 INFO  org.testng.internal.Utils - [Utils] MethodGroupsHelper.sortMethods() took 0 ms.
2026-03-13 11:34:11 INFO  org.testng.internal.Utils - [Utils] MethodGroupsHelper.collectMethodsByGroup() took 0 ms.
2026-03-13 11:34:11 INFO  org.testng.internal.Utils - [Utils] MethodGroupsHelper.sortMethods() took 0 ms.
2026-03-13 11:34:11 INFO  org.testng.internal.Utils - [Utils] MethodGroupsHelper.collectMethodsByGroup() took 0 ms.
2026-03-13 11:34:11 INFO  org.testng.internal.Utils - [Utils] MethodGroupsHelper.sortMethods() took 0 ms.
2026-03-13 11:34:11 INFO  org.testng.internal.Utils - [Utils] MethodGroupsHelper.collectMethodsByGroup() took 4 ms.
2026-03-13 11:34:11 INFO  org.testng.internal.Utils - [Utils] MethodGroupsHelper.sortMethods() took 14 ms.
2026-03-13 11:34:11 INFO  org.testng.internal.Utils - [Utils] MethodGroupsHelper.collectMethodsByGroup() took 0 ms.
2026-03-13 11:34:11 INFO  org.testng.internal.Utils - [Utils] MethodGroupsHelper.sortMethods() took 0 ms.
2026-03-13 11:34:11 INFO  org.testng.internal.Utils - [Utils] MethodGroupsHelper.collectMethodsByGroup() took 0 ms.
2026-03-13 11:34:11 INFO  org.testng.internal.Utils - [Utils] MethodGroupsHelper.sortMethods() took 0 ms.
2026-03-13 11:34:11 INFO  org.testng.internal.Utils - [Utils] MethodGroupsHelper.collectMethodsByGroup() took 0 ms.
2026-03-13 11:34:11 INFO  org.testng.internal.Utils - [Utils] MethodGroupsHelper.sortMethods() took 0 ms.
2026-03-13 11:34:11 INFO  org.testng.internal.Utils - [Utils] MethodGroupsHelper.collectMethodsByGroup() took 0 ms.
2026-03-13 11:34:11 INFO  org.testng.internal.Utils - [Utils] MethodGroupsHelper.sortMethods() took 0 ms.
2026-03-13 11:34:11 INFO  org.testng.internal.Utils - [Utils] MethodGroupsHelper.collectMethodsByGroup() took 0 ms.
2026-03-13 11:34:11 INFO  org.testng.internal.Utils - [Utils] MethodGroupsHelper.sortMethods() took 0 ms.
2026-03-13 11:34:11 INFO  org.testng.internal.Utils - [Utils] MethodGroupsHelper.collectMethodsByGroup() took 0 ms.
2026-03-13 11:34:11 INFO  org.testng.internal.Utils - [Utils] MethodGroupsHelper.sortMethods() took 0 ms.
2026-03-13 11:34:11 INFO  org.testng.internal.Utils - [Utils] MethodGroupsHelper.collectMethodsByGroup() took 0 ms.
2026-03-13 11:34:11 INFO  org.testng.internal.Utils - [Utils] MethodGroupsHelper.sortMethods() took 0 ms.
2026-03-13 11:34:11 INFO  org.testng.internal.Utils - [Utils] MethodGroupsHelper.collectMethodsByGroup() took 0 ms.
2026-03-13 11:34:11 INFO  org.testng.internal.Utils - [Utils] MethodGroupsHelper.sortMethods() took 0 ms.
2026-03-13 11:34:11 INFO  org.testng.internal.Utils - [Utils] MethodGroupsHelper.collectMethodsByGroup() took 0 ms.
2026-03-13 11:34:11 INFO  org.testng.internal.Utils - [Utils] MethodGroupsHelper.sortMethods() took 0 ms.
2026-03-13 11:34:11 INFO  org.testng.internal.Utils - [Utils] MethodGroupsHelper.collectMethodsByGroup() took 0 ms.
2026-03-13 11:34:11 INFO  org.testng.internal.Utils - [Utils] MethodGroupsHelper.sortMethods() took 0 ms.
2026-03-13 11:34:11 INFO  org.testng.internal.Utils - [TestNG] Running:
  C:\Users\JAYDIP\AppData\Local\Temp\testng-eclipse-916896976\testng-customsuite.xml

2026-03-13 11:34:11 INFO  org.testng.internal.Utils - [Utils] DynamicGraphHelper.createDynamicGraph() took 5 ms.
2026-03-13 11:34:11 INFO  org.testng.internal.Utils - [TestNG] Time taken by org.testng.reporters.jq.Main@42f33b5d: 88 ms
2026-03-13 11:34:11 INFO  org.testng.internal.Utils - [TestNG] Time taken by org.testng.reporters.FailedReporter@312ab28e: 18 ms
2026-03-13 11:34:11 INFO  org.testng.internal.Utils - [TestNG] Time taken by org.testng.reporters.XMLReporter@66b7550d: 14 ms
2026-03-13 11:34:11 INFO  org.testng.internal.Utils - [TestNG] Time taken by org.testng.reporters.EmailableReporter2@6da00fb9: 13 ms
2026-03-13 11:34:11 INFO  org.testng.internal.Utils - [TestNG] Time taken by org.testng.reporters.JUnitReportReporter@3a3e4aff: 10 ms
2026-03-13 11:34:11 INFO  org.testng.internal.Utils - [TestNG] Time taken by org.testng.internal.ExitCodeListener@5d2a4eed: 0 ms
2026-03-13 11:36:42 DEBUG org.testng.TestNG - suiteXmlPath: "C:\Users\JAYDIP\AppData\Local\Temp\testng-eclipse--1396415915\testng-customsuite.xml"
2026-03-13 11:36:43 INFO  org.testng.internal.Utils - [Utils] MethodGroupsHelper.collectMethodsByGroup() took 0 ms.
2026-03-13 11:36:43 INFO  org.testng.internal.Utils - [Utils] MethodGroupsHelper.sortMethods() took 2 ms.
2026-03-13 11:36:43 INFO  org.testng.internal.Utils - [Utils] MethodGroupsHelper.collectMethodsByGroup() took 0 ms.
2026-03-13 11:36:43 INFO  org.testng.internal.Utils - [Utils] MethodGroupsHelper.sortMethods() took 0 ms.
2026-03-13 11:36:43 INFO  org.testng.internal.Utils - [Utils] MethodGroupsHelper.collectMethodsByGroup() took 0 ms.
2026-03-13 11:36:43 INFO  org.testng.internal.Utils - [Utils] MethodGroupsHelper.sortMethods() took 0 ms.
2026-03-13 11:36:43 INFO  org.testng.internal.Utils - [Utils] MethodGroupsHelper.collectMethodsByGroup() took 0 ms.
2026-03-13 11:36:43 INFO  org.testng.internal.Utils - [Utils] MethodGroupsHelper.sortMethods() took 0 ms.
2026-03-13 11:36:43 INFO  org.testng.internal.Utils - [Utils] MethodGroupsHelper.collectMethodsByGroup() took 2 ms.
2026-03-13 11:36:43 INFO  org.testng.internal.Utils - [Utils] MethodGroupsHelper.sortMethods() took 14 ms.
2026-03-13 11:36:43 INFO  org.testng.internal.Utils - [Utils] MethodGroupsHelper.collectMethodsByGroup() took 0 ms.
2026-03-13 11:36:43 INFO  org.testng.internal.Utils - [Utils] MethodGroupsHelper.sortMethods() took 0 ms.
2026-03-13 11:36:43 INFO  org.testng.internal.Utils - [Utils] MethodGroupsHelper.collectMethodsByGroup() took 0 ms.
2026-03-13 11:36:43 INFO  org.testng.internal.Utils - [Utils] MethodGroupsHelper.sortMethods() took 0 ms.
2026-03-13 11:36:43 INFO  org.testng.internal.Utils - [Utils] MethodGroupsHelper.collectMethodsByGroup() took 0 ms.
2026-03-13 11:36:43 INFO  org.testng.internal.Utils - [Utils] MethodGroupsHelper.sortMethods() took 0 ms.
2026-03-13 11:36:43 INFO  org.testng.internal.Utils - [Utils] MethodGroupsHelper.collectMethodsByGroup() took 0 ms.
2026-03-13 11:36:43 INFO  org.testng.internal.Utils - [Utils] MethodGroupsHelper.sortMethods() took 0 ms.
2026-03-13 11:36:43 INFO  org.testng.internal.Utils - [Utils] MethodGroupsHelper.collectMethodsByGroup() took 0 ms.
2026-03-13 11:36:43 INFO  org.testng.internal.Utils - [Utils] MethodGroupsHelper.sortMethods() took 0 ms.
2026-03-13 11:36:43 INFO  org.testng.internal.Utils - [Utils] MethodGroupsHelper.collectMethodsByGroup() took 0 ms.
2026-03-13 11:36:43 INFO  org.testng.internal.Utils - [Utils] MethodGroupsHelper.sortMethods() took 0 ms.
2026-03-13 11:36:43 INFO  org.testng.internal.Utils - [Utils] MethodGroupsHelper.collectMethodsByGroup() took 0 ms.
2026-03-13 11:36:43 INFO  org.testng.internal.Utils - [Utils] MethodGroupsHelper.sortMethods() took 0 ms.
2026-03-13 11:36:43 INFO  org.testng.internal.Utils - [Utils] MethodGroupsHelper.collectMethodsByGroup() took 0 ms.
2026-03-13 11:36:43 INFO  org.testng.internal.Utils - [Utils] MethodGroupsHelper.sortMethods() took 0 ms.
2026-03-13 11:36:43 INFO  org.testng.internal.Utils - [Utils] MethodGroupsHelper.collectMethodsByGroup() took 0 ms.
2026-03-13 11:36:43 INFO  org.testng.internal.Utils - [Utils] MethodGroupsHelper.sortMethods() took 0 ms.
2026-03-13 11:36:43 INFO  org.testng.internal.Utils - [Utils] MethodGroupsHelper.collectMethodsByGroup() took 0 ms.
2026-03-13 11:36:43 INFO  org.testng.internal.Utils - [Utils] MethodGroupsHelper.sortMethods() took 0 ms.
2026-03-13 11:36:43 INFO  org.testng.internal.Utils - [TestNG] Running:
  C:\Users\JAYDIP\AppData\Local\Temp\testng-eclipse--1396415915\testng-customsuite.xml

2026-03-13 11:36:43 INFO  org.testng.internal.Utils - [Utils] DynamicGraphHelper.createDynamicGraph() took 11 ms.
2026-03-13 11:36:43 INFO  org.testng.internal.Utils - [TestNG] Time taken by org.testng.reporters.jq.Main@42f33b5d: 90 ms
2026-03-13 11:36:43 INFO  org.testng.internal.Utils - [TestNG] Time taken by org.testng.reporters.FailedReporter@312ab28e: 23 ms
2026-03-13 11:36:43 INFO  org.testng.internal.Utils - [TestNG] Time taken by org.testng.reporters.XMLReporter@66b7550d: 10 ms
2026-03-13 11:36:43 INFO  org.testng.internal.Utils - [TestNG] Time taken by org.testng.reporters.EmailableReporter2@6da00fb9: 9 ms
2026-03-13 11:36:43 INFO  org.testng.internal.Utils - [TestNG] Time taken by org.testng.reporters.JUnitReportReporter@3a3e4aff: 6 ms
2026-03-13 11:36:43 INFO  org.testng.internal.Utils - [TestNG] Time taken by org.testng.internal.ExitCodeListener@5d2a4eed: 0 ms
2026-03-13 11:40:46 DEBUG org.testng.TestNG - suiteXmlPath: "C:\Users\JAYDIP\eclipse-workspace\OpenCart\master.xml"
2026-03-13 11:40:47 INFO  org.testng.internal.Utils - [TestNG] Running:
  C:\Users\JAYDIP\eclipse-workspace\OpenCart\master.xml

2026-03-13 11:41:02 INFO  testCases.TC002_LoginTest - **********Starting TC_002)LOginTest***
2026-03-13 11:41:09 INFO  testCases.TC002_LoginTest - *********Finished TC002 Lohin Test *****
2026-03-13 11:41:55 DEBUG org.testng.TestNG - suiteXmlPath: "C:\Users\JAYDIP\eclipse-workspace\OpenCart\master.xml"
2026-03-13 11:41:56 INFO  org.testng.internal.Utils - [TestNG] Running:
  C:\Users\JAYDIP\eclipse-workspace\OpenCart\master.xml

2026-03-13 11:42:29 INFO  testCases.TC002_LoginTest - **********Starting TC_002)LOginTest***
2026-03-13 11:42:38 INFO  testCases.TC002_LoginTest - *********Finished TC002 Lohin Test *****
